<?xml version="1.0" encoding="UTF-8"?>
<!-- Generated by org.testng.reporters.JUnitXMLReporter -->
<testsuite ignored="0" hostname="DESKTOP-MTCM5KV" failures="0" tests="5" name="Default test" time="2.11" errors="0" timestamp="2023-05-25T12:54:48 IST">
  <testcase classname="practice.ReadSetOfDataFromExcelTest" name="readMultipleDataTest" time="0.017"/>
  <testcase classname="practice.ReadSetOfDataFromExcelTest" name="readMultipleDataTest" time="0.006"/>
  <testcase classname="practice.ReadSetOfDataFromExcelTest" name="readMultipleDataTest" time="0.003"/>
  <testcase classname="practice.ReadSetOfDataFromExcelTest" name="readMultipleDataTest" time="0.004"/>
  <testcase classname="practice.ReadSetOfDataFromExcelTest" name="readMultipleDataTest" time="0.008"/>
</testsuite> <!-- Default test -->
