<?xml version="1.0" encoding="UTF-8"?>
<testng-results ignored="0" total="5" passed="5" failed="0" skipped="0">
  <reporter-output>
  </reporter-output>
  <suite started-at="2023-05-25T12:54:46 IST" name="Default suite" finished-at="2023-05-25T12:54:48 IST" duration-ms="2110">
    <groups>
    </groups>
    <test started-at="2023-05-25T12:54:46 IST" name="Default test" finished-at="2023-05-25T12:54:48 IST" duration-ms="2110">
      <class name="practice.ReadSetOfDataFromExcelTest">
        <test-method signature="readMultipleDataTest(java.lang.String,java.lang.String,java.lang.String,java.lang.String,java.lang.String)[pri:0, instance:practice.ReadSetOfDataFromExcelTest@36bc55de]" started-at="2023-05-25T12:54:48 IST" name="readMultipleDataTest" data-provider="retrieve" finished-at="2023-05-25T12:54:48 IST" duration-ms="17" status="PASS">
          <params>
            <param index="0">
              <value is-null="true"/>
            </param>
            <param index="1">
              <value is-null="true"/>
            </param>
            <param index="2">
              <value is-null="true"/>
            </param>
            <param index="3">
              <value is-null="true"/>
            </param>
            <param index="4">
              <value is-null="true"/>
            </param>
          </params>
          <reporter-output>
          </reporter-output>
        </test-method> <!-- readMultipleDataTest -->
        <test-method signature="readMultipleDataTest(java.lang.String,java.lang.String,java.lang.String,java.lang.String,java.lang.String)[pri:0, instance:practice.ReadSetOfDataFromExcelTest@36bc55de]" started-at="2023-05-25T12:54:48 IST" name="readMultipleDataTest" data-provider="retrieve" finished-at="2023-05-25T12:54:48 IST" duration-ms="6" status="PASS">
          <params>
            <param index="0">
              <value>
                <![CDATA[India]]>
              </value>
            </param>
            <param index="1">
              <value>
                <![CDATA[1]]>
              </value>
            </param>
            <param index="2">
              <value>
                <![CDATA[2]]>
              </value>
            </param>
            <param index="3">
              <value>
                <![CDATA[4]]>
              </value>
            </param>
            <param index="4">
              <value>
                <![CDATA[7]]>
              </value>
            </param>
          </params>
          <reporter-output>
          </reporter-output>
        </test-method> <!-- readMultipleDataTest -->
        <test-method signature="readMultipleDataTest(java.lang.String,java.lang.String,java.lang.String,java.lang.String,java.lang.String)[pri:0, instance:practice.ReadSetOfDataFromExcelTest@36bc55de]" started-at="2023-05-25T12:54:48 IST" name="readMultipleDataTest" data-provider="retrieve" finished-at="2023-05-25T12:54:48 IST" duration-ms="3" status="PASS">
          <params>
            <param index="0">
              <value>
                <![CDATA[USA]]>
              </value>
            </param>
            <param index="1">
              <value>
                <![CDATA[39]]>
              </value>
            </param>
            <param index="2">
              <value>
                <![CDATA[41]]>
              </value>
            </param>
            <param index="3">
              <value>
                <![CDATA[33]]>
              </value>
            </param>
            <param index="4">
              <value>
                <![CDATA[113]]>
              </value>
            </param>
          </params>
          <reporter-output>
          </reporter-output>
        </test-method> <!-- readMultipleDataTest -->
        <test-method signature="readMultipleDataTest(java.lang.String,java.lang.String,java.lang.String,java.lang.String,java.lang.String)[pri:0, instance:practice.ReadSetOfDataFromExcelTest@36bc55de]" started-at="2023-05-25T12:54:48 IST" name="readMultipleDataTest" data-provider="retrieve" finished-at="2023-05-25T12:54:48 IST" duration-ms="4" status="PASS">
          <params>
            <param index="0">
              <value>
                <![CDATA[Australia]]>
              </value>
            </param>
            <param index="1">
              <value>
                <![CDATA[17]]>
              </value>
            </param>
            <param index="2">
              <value>
                <![CDATA[7]]>
              </value>
            </param>
            <param index="3">
              <value>
                <![CDATA[22]]>
              </value>
            </param>
            <param index="4">
              <value>
                <![CDATA[46]]>
              </value>
            </param>
          </params>
          <reporter-output>
          </reporter-output>
        </test-method> <!-- readMultipleDataTest -->
        <test-method signature="readMultipleDataTest(java.lang.String,java.lang.String,java.lang.String,java.lang.String,java.lang.String)[pri:0, instance:practice.ReadSetOfDataFromExcelTest@36bc55de]" started-at="2023-05-25T12:54:48 IST" name="readMultipleDataTest" data-provider="retrieve" finished-at="2023-05-25T12:54:48 IST" duration-ms="8" status="PASS">
          <params>
            <param index="0">
              <value>
                <![CDATA[Brazil]]>
              </value>
            </param>
            <param index="1">
              <value>
                <![CDATA[7]]>
              </value>
            </param>
            <param index="2">
              <value>
                <![CDATA[6]]>
              </value>
            </param>
            <param index="3">
              <value>
                <![CDATA[8]]>
              </value>
            </param>
            <param index="4">
              <value>
                <![CDATA[21]]>
              </value>
            </param>
          </params>
          <reporter-output>
          </reporter-output>
        </test-method> <!-- readMultipleDataTest -->
      </class> <!-- practice.ReadSetOfDataFromExcelTest -->
    </test> <!-- Default test -->
  </suite> <!-- Default suite -->
</testng-results>
